<?xml version="1.0" encoding="UTF-8"?>
<!-- Generated by org.testng.reporters.JUnitReportReporter -->
<testsuite hostname="DESKTOP-GTIB80G" failures="0" tests="1" name="com.ecom1.qa.testcases.ProductPageTest" time="17.271" errors="0" timestamp="2021-05-17T23:54:24 IST" skipped="0">
  <testcase classname="com.ecom1.qa.testcases.ProductPageTest" name="validateAddCartFeature" time="17.271"/>
  <system-out/>
</testsuite> <!-- com.ecom1.qa.testcases.ProductPageTest -->
