<?xml version="1.0" encoding="UTF-8"?>
<!-- Generated by org.testng.reporters.JUnitReportReporter -->
<testsuite hostname="DESKTOP-GTIB80G" failures="0" tests="4" name="com.ecom1.qa.testcases.HomePageTest" time="13.281" errors="0" timestamp="2021-05-15T16:03:59 IST" skipped="3">
  <testcase classname="com.ecom1.qa.testcases.HomePageTest" name="validateProductMenu" time="13.281"/>
  <system-out/>
  <testcase classname="com.ecom1.qa.testcases.HomePageTest" name="HomePageSearchBox">
    <skipped/>
  </testcase> <!-- HomePageSearchBox -->
  <system-out/>
  <testcase classname="com.ecom1.qa.testcases.HomePageTest" name="HomePageLogoTest">
    <skipped/>
  </testcase> <!-- HomePageLogoTest -->
  <system-out/>
  <testcase classname="com.ecom1.qa.testcases.HomePageTest" name="HomePageTitleTest">
    <skipped/>
  </testcase> <!-- HomePageTitleTest -->
  <system-out/>
</testsuite> <!-- com.ecom1.qa.testcases.HomePageTest -->
