<?xml version="1.0" encoding="UTF-8"?>
<!-- Generated by org.testng.reporters.JUnitReportReporter -->
<testsuite hostname="DESKTOP-GTIB80G" failures="0" tests="3" name="com.ecom1.qa.testcases.SearchPageTest" time="39.412" errors="0" timestamp="2021-04-25T20:27:12 IST" skipped="0">
  <testcase classname="com.ecom1.qa.testcases.SearchPageTest" name="SearchResultImg" time="14.364"/>
  <system-out/>
  <testcase classname="com.ecom1.qa.testcases.SearchPageTest" name="SearchPageTitle" time="13.104"/>
  <system-out/>
  <testcase classname="com.ecom1.qa.testcases.SearchPageTest" name="SearchResultText" time="11.944"/>
  <system-out/>
</testsuite> <!-- com.ecom1.qa.testcases.SearchPageTest -->
